<?xml version="1.0" encoding="UTF-8"?>
<testng-results ignored="0" total="7" passed="6" failed="1" skipped="0">
  <reporter-output>
  </reporter-output>
  <suite started-at="2025-04-15T21:14:36 IST" name="ParallelMethodsSuite" finished-at="2025-04-15T21:15:17 IST" duration-ms="41408">
    <groups>
    </groups>
    <test started-at="2025-04-15T21:14:36 IST" name="RunMethodsInParallel" finished-at="2025-04-15T21:14:54 IST" duration-ms="18462">
      <class name="com.frameworks.projectCMS.testcases.SignupTest">
        <test-method is-config="true" signature="createDriver(java.lang.String)[pri:0, instance:com.frameworks.projectCMS.testcases.SignupTest@496bc455]" started-at="2025-04-15T21:14:36 IST" name="createDriver" finished-at="2025-04-15T21:14:52 IST" duration-ms="15713" status="PASS">
          <params>
            <param index="0">
              <value>
                <![CDATA[signup]]>
              </value>
            </param>
          </params>
          <reporter-output>
          </reporter-output>
        </test-method> <!-- createDriver -->
        <test-method is-config="true" signature="createDriver(java.lang.String)[pri:0, instance:com.frameworks.projectCMS.testcases.SignupTest@496bc455]" started-at="2025-04-15T21:14:36 IST" name="createDriver" finished-at="2025-04-15T21:14:49 IST" duration-ms="13272" status="PASS">
          <params>
            <param index="0">
              <value>
                <![CDATA[signup]]>
              </value>
            </param>
          </params>
          <reporter-output>
          </reporter-output>
        </test-method> <!-- createDriver -->
        <test-method is-config="true" signature="createDriver(java.lang.String)[pri:0, instance:com.frameworks.projectCMS.testcases.SignupTest@496bc455]" started-at="2025-04-15T21:14:36 IST" name="createDriver" finished-at="2025-04-15T21:14:46 IST" duration-ms="9782" status="PASS">
          <params>
            <param index="0">
              <value>
                <![CDATA[signup]]>
              </value>
            </param>
          </params>
          <reporter-output>
          </reporter-output>
        </test-method> <!-- createDriver -->
        <test-method signature="testSuccessfulIndividual()[pri:1, instance:com.frameworks.projectCMS.testcases.SignupTest@496bc455]" started-at="2025-04-15T21:14:46 IST" name="testSuccessfulIndividual" description="verify successfull signup as Individual" finished-at="2025-04-15T21:14:49 IST" duration-ms="3267" status="PASS">
          <reporter-output>
          </reporter-output>
        </test-method> <!-- testSuccessfulIndividual -->
        <test-method is-config="true" signature="quitDriver()[pri:0, instance:com.frameworks.projectCMS.testcases.SignupTest@496bc455]" started-at="2025-04-15T21:14:49 IST" name="quitDriver" finished-at="2025-04-15T21:14:50 IST" duration-ms="446" status="PASS">
          <reporter-output>
          </reporter-output>
        </test-method> <!-- quitDriver -->
        <test-method signature="testNavigaionTosigninPage()[pri:3, instance:com.frameworks.projectCMS.testcases.SignupTest@496bc455]" started-at="2025-04-15T21:14:49 IST" name="testNavigaionTosigninPage" description="Varify navigation to sigin page" finished-at="2025-04-15T21:14:50 IST" duration-ms="811" status="PASS">
          <reporter-output>
          </reporter-output>
        </test-method> <!-- testNavigaionTosigninPage -->
        <test-method is-config="true" signature="quitDriver()[pri:0, instance:com.frameworks.projectCMS.testcases.SignupTest@496bc455]" started-at="2025-04-15T21:14:50 IST" name="quitDriver" finished-at="2025-04-15T21:14:50 IST" duration-ms="181" status="PASS">
          <reporter-output>
          </reporter-output>
        </test-method> <!-- quitDriver -->
        <test-method signature="testSuccessfulOrganization()[pri:2, instance:com.frameworks.projectCMS.testcases.SignupTest@496bc455]" started-at="2025-04-15T21:14:52 IST" name="testSuccessfulOrganization" description="verify successfull signup as Organization" finished-at="2025-04-15T21:14:54 IST" duration-ms="2086" status="PASS">
          <reporter-output>
          </reporter-output>
        </test-method> <!-- testSuccessfulOrganization -->
        <test-method is-config="true" signature="quitDriver()[pri:0, instance:com.frameworks.projectCMS.testcases.SignupTest@496bc455]" started-at="2025-04-15T21:14:54 IST" name="quitDriver" finished-at="2025-04-15T21:14:54 IST" duration-ms="607" status="PASS">
          <reporter-output>
          </reporter-output>
        </test-method> <!-- quitDriver -->
      </class> <!-- com.frameworks.projectCMS.testcases.SignupTest -->
    </test> <!-- RunMethodsInParallel -->
    <test started-at="2025-04-15T21:14:55 IST" name="RunMethodSignin" finished-at="2025-04-15T21:15:17 IST" duration-ms="22557">
      <class name="com.frameworks.projectCMS.testcases.SigninTest">
        <test-method is-config="true" signature="createDriver(java.lang.String)[pri:0, instance:com.frameworks.projectCMS.testcases.SigninTest@821330f]" started-at="2025-04-15T21:14:55 IST" name="createDriver" finished-at="2025-04-15T21:15:08 IST" duration-ms="13153" status="PASS">
          <params>
            <param index="0">
              <value>
                <![CDATA[signin]]>
              </value>
            </param>
          </params>
          <reporter-output>
          </reporter-output>
        </test-method> <!-- createDriver -->
        <test-method is-config="true" signature="createDriver(java.lang.String)[pri:0, instance:com.frameworks.projectCMS.testcases.SigninTest@821330f]" started-at="2025-04-15T21:14:55 IST" name="createDriver" finished-at="2025-04-15T21:15:04 IST" duration-ms="9325" status="PASS">
          <params>
            <param index="0">
              <value>
                <![CDATA[signin]]>
              </value>
            </param>
          </params>
          <reporter-output>
          </reporter-output>
        </test-method> <!-- createDriver -->
        <test-method is-config="true" signature="createDriver(java.lang.String)[pri:0, instance:com.frameworks.projectCMS.testcases.SigninTest@821330f]" started-at="2025-04-15T21:14:55 IST" name="createDriver" finished-at="2025-04-15T21:15:05 IST" duration-ms="10445" status="PASS">
          <params>
            <param index="0">
              <value>
                <![CDATA[signin]]>
              </value>
            </param>
          </params>
          <reporter-output>
          </reporter-output>
        </test-method> <!-- createDriver -->
        <test-method signature="testWithInvalidEmail()[pri:2, instance:com.frameworks.projectCMS.testcases.SigninTest@821330f]" started-at="2025-04-15T21:15:04 IST" name="testWithInvalidEmail" description="Login with invalid email" finished-at="2025-04-15T21:15:05 IST" duration-ms="966" status="PASS">
          <reporter-output>
          </reporter-output>
        </test-method> <!-- testWithInvalidEmail -->
        <test-method is-config="true" signature="quitDriver()[pri:0, instance:com.frameworks.projectCMS.testcases.SigninTest@821330f]" started-at="2025-04-15T21:15:05 IST" name="quitDriver" finished-at="2025-04-15T21:15:05 IST" duration-ms="344" status="PASS">
          <reporter-output>
          </reporter-output>
        </test-method> <!-- quitDriver -->
        <test-method signature="navigateToforgotPasswordPage()[pri:3, instance:com.frameworks.projectCMS.testcases.SigninTest@821330f]" started-at="2025-04-15T21:15:05 IST" name="navigateToforgotPasswordPage" description="navigate to forgotpassword page" finished-at="2025-04-15T21:15:06 IST" duration-ms="572" status="PASS">
          <reporter-output>
          </reporter-output>
        </test-method> <!-- navigateToforgotPasswordPage -->
        <test-method is-config="true" signature="createDriver(java.lang.String)[pri:0, instance:com.frameworks.projectCMS.testcases.SigninTest@821330f]" started-at="2025-04-15T21:15:05 IST" name="createDriver" finished-at="2025-04-15T21:15:14 IST" duration-ms="8853" status="PASS">
          <params>
            <param index="0">
              <value>
                <![CDATA[signin]]>
              </value>
            </param>
          </params>
          <reporter-output>
          </reporter-output>
        </test-method> <!-- createDriver -->
        <test-method is-config="true" signature="quitDriver()[pri:0, instance:com.frameworks.projectCMS.testcases.SigninTest@821330f]" started-at="2025-04-15T21:15:06 IST" name="quitDriver" finished-at="2025-04-15T21:15:08 IST" duration-ms="1679" status="PASS">
          <reporter-output>
          </reporter-output>
        </test-method> <!-- quitDriver -->
        <test-method signature="testSuccessfulllogin()[pri:1, instance:com.frameworks.projectCMS.testcases.SigninTest@821330f]" started-at="2025-04-15T21:15:08 IST" name="testSuccessfulllogin" description="Valid data with login successfull" finished-at="2025-04-15T21:15:10 IST" duration-ms="1763" status="PASS">
          <reporter-output>
          </reporter-output>
        </test-method> <!-- testSuccessfulllogin -->
        <test-method is-config="true" signature="quitDriver()[pri:0, instance:com.frameworks.projectCMS.testcases.SigninTest@821330f]" started-at="2025-04-15T21:15:10 IST" name="quitDriver" finished-at="2025-04-15T21:15:10 IST" duration-ms="187" status="PASS">
          <reporter-output>
          </reporter-output>
        </test-method> <!-- quitDriver -->
        <test-method signature="checkLoginLoadTime()[pri:4, instance:com.frameworks.projectCMS.testcases.SigninTest@821330f]" started-at="2025-04-15T21:15:14 IST" name="checkLoginLoadTime" description="Check Login loading time " finished-at="2025-04-15T21:15:16 IST" duration-ms="1851" status="FAIL">
          <exception class="java.lang.AssertionError">
            <message>
              <![CDATA[expected [true] but found [false]]]>
            </message>
            <full-stacktrace>
              <![CDATA[java.lang.AssertionError: expected [true] but found [false]
at org.testng.Assert.fail(Assert.java:111)
at org.testng.Assert.failNotEquals(Assert.java:1578)
at org.testng.Assert.assertTrue(Assert.java:57)
at org.testng.Assert.assertTrue(Assert.java:67)
at com.frameworks.projectCMS.pages.SigninPage.calculateLoginTime(SigninPage.java:85)
at com.frameworks.projectCMS.testcases.SigninTest.checkLoginLoadTime(SigninTest.java:34)
at java.base/jdk.internal.reflect.DirectMethodHandleAccessor.invoke(DirectMethodHandleAccessor.java:103)
at java.base/java.lang.reflect.Method.invoke(Method.java:580)
at org.testng.internal.invokers.MethodInvocationHelper.invokeMethod(MethodInvocationHelper.java:141)
at org.testng.internal.invokers.TestInvoker.invokeMethod(TestInvoker.java:686)
at org.testng.internal.invokers.TestInvoker.invokeTestMethod(TestInvoker.java:230)
at org.testng.internal.invokers.MethodRunner.runInSequence(MethodRunner.java:63)
at org.testng.internal.invokers.TestInvoker$MethodInvocationAgent.invoke(TestInvoker.java:992)
at org.testng.internal.invokers.TestInvoker.invokeTestMethods(TestInvoker.java:203)
at org.testng.internal.invokers.TestMethodWorker.invokeTestMethods(TestMethodWorker.java:154)
at org.testng.internal.invokers.TestMethodWorker.run(TestMethodWorker.java:134)
at java.base/java.util.concurrent.Executors$RunnableAdapter.call(Executors.java:572)
at java.base/java.util.concurrent.FutureTask.run(FutureTask.java:317)
at org.testng.internal.thread.graph.TestNGFutureTask.run(TestNGFutureTask.java:22)
at java.base/java.util.concurrent.ThreadPoolExecutor.runWorker(ThreadPoolExecutor.java:1144)
at java.base/java.util.concurrent.ThreadPoolExecutor$Worker.run(ThreadPoolExecutor.java:642)
at java.base/java.lang.Thread.run(Thread.java:1583)
]]>
            </full-stacktrace>
          </exception> <!-- java.lang.AssertionError -->
          <reporter-output>
          </reporter-output>
        </test-method> <!-- checkLoginLoadTime -->
        <test-method is-config="true" signature="quitDriver()[pri:0, instance:com.frameworks.projectCMS.testcases.SigninTest@821330f]" started-at="2025-04-15T21:15:16 IST" name="quitDriver" finished-at="2025-04-15T21:15:17 IST" duration-ms="948" status="PASS">
          <reporter-output>
          </reporter-output>
        </test-method> <!-- quitDriver -->
      </class> <!-- com.frameworks.projectCMS.testcases.SigninTest -->
    </test> <!-- RunMethodSignin -->
  </suite> <!-- ParallelMethodsSuite -->
</testng-results>
