<?xml version="1.0" encoding="UTF-8"?>
<!-- Generated by org.testng.reporters.JUnitXMLReporter -->
<testsuite ignored="0" hostname="SALIK" failures="1" tests="4" name="SigninTestRun" time="54.132" errors="0" timestamp="2025-04-15T21:13:53 IST">
  <testcase classname="com.frameworks.projectCMS.testcases.SigninTest" name="testSuccessfulllogin" time="2.192"/>
  <testcase classname="com.frameworks.projectCMS.testcases.SigninTest" name="testWithInvalidEmail" time="0.952"/>
  <testcase classname="com.frameworks.projectCMS.testcases.SigninTest" name="navigateToforgotPasswordPage" time="0.406"/>
  <testcase classname="com.frameworks.projectCMS.testcases.SigninTest" name="checkLoginLoadTime" time="1.376">
    <failure type="java.lang.AssertionError" message="expected [true] but found [false]">
      <![CDATA[java.lang.AssertionError: expected [true] but found [false]
at com.frameworks.projectCMS.pages.SigninPage.calculateLoginTime(SigninPage.java:85)
at com.frameworks.projectCMS.testcases.SigninTest.checkLoginLoadTime(SigninTest.java:34)
at java.base/java.util.ArrayList.forEach(ArrayList.java:1596)
at java.base/java.util.concurrent.FutureTask.run(FutureTask.java:317)
at java.base/java.util.concurrent.ThreadPoolExecutor.runWorker(ThreadPoolExecutor.java:1144)
at java.base/java.util.concurrent.ThreadPoolExecutor$Worker.run(ThreadPoolExecutor.java:642)
at java.base/java.lang.Thread.run(Thread.java:1583)
... Removed 19 stack frames]]>
    </failure>
  </testcase> <!-- checkLoginLoadTime -->
</testsuite> <!-- SigninTestRun -->
