<?xml version="1.0" encoding="UTF-8"?>
<!-- Generated by org.testng.reporters.JUnitXMLReporter -->
<testsuite ignored="0" hostname="hostname" failures="0" tests="4" name="Surefire test" time="0.057" errors="0" timestamp="2025-04-15T12:25:38 IST">
  <testcase classname="com.frameworks.common.BaseTest" name="@BeforeMethod createDriver" time="-1.744700138541E9">
    <failure type="org.testng.TestNGException" message="
Parameter &amp;apos;appURL&amp;apos; is required by BeforeMethod on method createDriver but has not been marked @Optional or defined
">
      <![CDATA[org.testng.TestNGException: 
Parameter 'appURL' is required by BeforeMethod on method createDriver but has not been marked @Optional or defined

at java.base/java.util.ArrayList.forEach(ArrayList.java:1511)
... Removed 33 stack frames]]>
    </failure>
  </testcase> <!-- @BeforeMethod createDriver -->
  <testcase classname="com.frameworks.common.BaseTest" name="@AfterMethod quitDriver" time="0.0">
    <skipped/>
  </testcase> <!-- @AfterMethod quitDriver -->
  <testcase classname="com.frameworks.common.BaseTest" name="@BeforeMethod createDriver" time="-1.744700138558E9">
    <failure type="org.testng.TestNGException" message="
Parameter &amp;apos;appURL&amp;apos; is required by BeforeMethod on method createDriver but has not been marked @Optional or defined
">
      <![CDATA[org.testng.TestNGException: 
Parameter 'appURL' is required by BeforeMethod on method createDriver but has not been marked @Optional or defined

at java.base/java.util.ArrayList.forEach(ArrayList.java:1511)
... Removed 33 stack frames]]>
    </failure>
  </testcase> <!-- @BeforeMethod createDriver -->
  <testcase classname="com.frameworks.common.BaseTest" name="@AfterMethod quitDriver" time="0.0">
    <skipped/>
  </testcase> <!-- @AfterMethod quitDriver -->
  <testcase classname="com.frameworks.common.BaseTest" name="@BeforeMethod createDriver" time="0.0">
    <skipped/>
  </testcase> <!-- @BeforeMethod createDriver -->
  <testcase classname="com.frameworks.common.BaseTest" name="@AfterMethod quitDriver" time="0.0">
    <skipped/>
  </testcase> <!-- @AfterMethod quitDriver -->
  <testcase classname="com.frameworks.common.BaseTest" name="@BeforeMethod createDriver" time="0.0">
    <skipped/>
  </testcase> <!-- @BeforeMethod createDriver -->
  <testcase classname="com.frameworks.common.BaseTest" name="@AfterMethod quitDriver" time="0.0">
    <skipped/>
  </testcase> <!-- @AfterMethod quitDriver -->
  <testcase classname="com.frameworks.projectCMS.testcases.SigninTest" name="testSuccessfulllogin" time="0.0">
    <skipped/>
  </testcase> <!-- testSuccessfulllogin -->
  <testcase classname="com.frameworks.projectCMS.testcases.SignupTest" name="testSuccessfulIndividual" time="0.0">
    <skipped/>
  </testcase> <!-- testSuccessfulIndividual -->
  <testcase classname="com.frameworks.projectCMS.testcases.SignupTest" name="testSuccessfulOrganization" time="0.0">
    <skipped/>
  </testcase> <!-- testSuccessfulOrganization -->
  <testcase classname="com.frameworks.projectCMS.testcases.SignupTest" name="testNavigaionTosigninPage" time="0.0">
    <skipped/>
  </testcase> <!-- testNavigaionTosigninPage -->
</testsuite> <!-- Surefire test -->
